[0m05:17:30.120983 [debug] [MainThread]: Sending event: {'category': 'dbt', 'action': 'invocation', 'label': 'start', 'context': [<snowplow_tracker.self_describing_json.SelfDescribingJson object at 0x7ebd926aae70>, <snowplow_tracker.self_describing_json.SelfDescribingJson object at 0x7ebd92335790>, <snowplow_tracker.self_describing_json.SelfDescribingJson object at 0x7ebd93061820>]}


============================== 05:17:30.127607 | e94b11a6-8a95-4f4a-9410-49c7479e5001 ==============================
[0m05:17:30.127607 [info ] [MainThread]: Running with dbt=1.9.0
[0m05:17:30.128036 [debug] [MainThread]: running dbt with arguments {'printer_width': '80', 'indirect_selection': 'eager', 'log_cache_events': 'False', 'write_json': 'True', 'partial_parse': 'True', 'cache_selected_only': 'False', 'warn_error': 'None', 'debug': 'False', 'fail_fast': 'False', 'log_path': 'logs', 'profiles_dir': '/root/.dbt', 'version_check': 'True', 'use_colors': 'True', 'use_experimental_parser': 'False', 'no_print': 'None', 'quiet': 'False', 'empty': 'None', 'log_format': 'default', 'introspect': 'True', 'warn_error_options': 'WarnErrorOptions(include=[], exclude=[])', 'invocation_command': 'dbt init my_project', 'target_path': 'None', 'static_parser': 'True', 'send_anonymous_usage_stats': 'True'}
[0m05:17:30.168701 [info ] [MainThread]: Creating dbt configuration folder at /root/.dbt
[0m05:17:30.170330 [debug] [MainThread]: Starter project path: /usr/local/lib/python3.12/site-packages/dbt/include/starter_project
[0m05:17:30.182023 [info ] [MainThread]: 
Your new dbt project "my_project" was created!

For more information on how to configure the profiles.yml file,
please consult the dbt documentation here:

  https://docs.getdbt.com/docs/configure-your-profile

One more thing:

Need help? Don't hesitate to reach out to us via GitHub issues or on Slack:

  https://community.getdbt.com/

Happy modeling!

[0m05:17:30.182366 [info ] [MainThread]: Setting up your profile.
[0m05:21:06.358562 [info ] [MainThread]: Profile my_project written to /root/.dbt/profiles.yml using target's profile_template.yml and your supplied values. Run 'dbt debug' to validate the connection.
[0m05:21:06.361958 [debug] [MainThread]: Resource report: {"command_name": "init", "command_success": true, "command_wall_clock_time": 216.36272, "process_in_blocks": "84056", "process_kernel_time": 0.233222, "process_mem_max_rss": "91868", "process_out_blocks": "1544", "process_user_time": 1.043654}
[0m05:21:06.362527 [debug] [MainThread]: Command `dbt init` succeeded at 05:21:06.362412 after 216.36 seconds
[0m05:21:06.362863 [debug] [MainThread]: Sending event: {'category': 'dbt', 'action': 'invocation', 'label': 'end', 'context': [<snowplow_tracker.self_describing_json.SelfDescribingJson object at 0x7ebd92085e20>, <snowplow_tracker.self_describing_json.SelfDescribingJson object at 0x7ebd921e64e0>, <snowplow_tracker.self_describing_json.SelfDescribingJson object at 0x7ebd92c5be30>]}
[0m05:21:06.363199 [debug] [MainThread]: Flushing usage events
[0m05:21:07.474965 [debug] [MainThread]: An error was encountered while trying to flush usage events
